<?xml version="1.0" encoding="UTF-8"?>
<testng-results ignored="0" total="3" passed="3" failed="0" skipped="0">
  <reporter-output>
  </reporter-output>
  <suite started-at="2025-12-16T20:14:25 IST" name="Default suite" finished-at="2025-12-16T20:15:09 IST" duration-ms="43474">
    <groups>
      <group name="cucumber">
        <method signature="AbstractTestNGCucumberTests.runScenario(io.cucumber.testng.PickleWrapper,io.cucumber.testng.FeatureWrapper)[pri:0, instance:Runner.TestRunner@198b6731]" name="runScenario" class="io.cucumber.testng.AbstractTestNGCucumberTests"/>
      </group> <!-- cucumber -->
    </groups>
    <test started-at="2025-12-16T20:14:25 IST" name="Default test" finished-at="2025-12-16T20:15:09 IST" duration-ms="43474">
      <class name="Runner.TestRunner">
        <test-method is-config="true" signature="setUpClass(org.testng.ITestContext)[pri:0, instance:Runner.TestRunner@198b6731]" started-at="2025-12-16T20:14:25 IST" name="setUpClass" finished-at="2025-12-16T20:14:26 IST" duration-ms="538" status="PASS">
          <params>
            <param index="0">
              <value>
                <![CDATA[org.testng.TestRunner@7e3d7dd]]>
              </value>
            </param>
          </params>
          <reporter-output>
          </reporter-output>
        </test-method> <!-- setUpClass -->
        <test-method signature="runScenario(io.cucumber.testng.PickleWrapper,io.cucumber.testng.FeatureWrapper)[pri:0, instance:Runner.TestRunner@198b6731]" started-at="2025-12-16T20:14:26 IST" name="runScenario" description="Runs Cucumber Scenarios" data-provider="scenarios" finished-at="2025-12-16T20:14:49 IST" duration-ms="22682" status="PASS">
          <params>
            <param index="0">
              <value>
                <![CDATA["Register a new customer"]]>
              </value>
            </param>
            <param index="1">
              <value>
                <![CDATA["Customer registration, login and fund transfer"]]>
              </value>
            </param>
          </params>
          <reporter-output>
          </reporter-output>
        </test-method> <!-- runScenario -->
        <test-method signature="runScenario(io.cucumber.testng.PickleWrapper,io.cucumber.testng.FeatureWrapper)[pri:0, instance:Runner.TestRunner@198b6731]" started-at="2025-12-16T20:14:49 IST" name="runScenario" description="Runs Cucumber Scenarios" data-provider="scenarios" finished-at="2025-12-16T20:15:02 IST" duration-ms="13187" status="PASS">
          <params>
            <param index="0">
              <value>
                <![CDATA["Login with registered customer"]]>
              </value>
            </param>
            <param index="1">
              <value>
                <![CDATA["Customer registration, login and fund transfer"]]>
              </value>
            </param>
          </params>
          <reporter-output>
          </reporter-output>
        </test-method> <!-- runScenario -->
        <test-method signature="runScenario(io.cucumber.testng.PickleWrapper,io.cucumber.testng.FeatureWrapper)[pri:0, instance:Runner.TestRunner@198b6731]" started-at="2025-12-16T20:15:02 IST" name="runScenario" description="Runs Cucumber Scenarios" data-provider="scenarios" finished-at="2025-12-16T20:15:09 IST" duration-ms="6997" status="PASS">
          <params>
            <param index="0">
              <value>
                <![CDATA["Transfer funds for logged in customer"]]>
              </value>
            </param>
            <param index="1">
              <value>
                <![CDATA["Customer registration, login and fund transfer"]]>
              </value>
            </param>
          </params>
          <reporter-output>
          </reporter-output>
        </test-method> <!-- runScenario -->
        <test-method is-config="true" signature="tearDownClass()[pri:0, instance:Runner.TestRunner@198b6731]" started-at="2025-12-16T20:15:09 IST" name="tearDownClass" finished-at="2025-12-16T20:15:09 IST" duration-ms="13" status="PASS">
          <reporter-output>
          </reporter-output>
        </test-method> <!-- tearDownClass -->
      </class> <!-- Runner.TestRunner -->
    </test> <!-- Default test -->
  </suite> <!-- Default suite -->
</testng-results>
