<?xml version="1.0" encoding="UTF-8"?>
<!-- Generated by org.testng.reporters.JUnitReportReporter -->
<testsuite hostname="Shilpa" failures="0" tests="3" name="Runner.TestRunner" time="42.866" errors="0" timestamp="2025-12-16T20:15:09 IST" skipped="0">
  <testcase classname="Runner.TestRunner" name="runScenario" time="13.187"/>
  <testcase classname="Runner.TestRunner" name="runScenario" time="22.682"/>
  <testcase classname="Runner.TestRunner" name="runScenario" time="6.997"/>
</testsuite> <!-- Runner.TestRunner -->
